0 info it worked if it ends with ok
1 verbose cli [ '/usr/local/bin/node', '/usr/local/bin/npm', 'start' ]
2 info using npm@3.9.3
3 info using node@v6.2.1
4 verbose run-script [ 'prestart', 'start', 'poststart' ]
5 info lifecycle teste-vocacional-faccat@0.0.0~prestart: teste-vocacional-faccat@0.0.0
6 silly lifecycle teste-vocacional-faccat@0.0.0~prestart: no script for prestart, continuing
7 info lifecycle teste-vocacional-faccat@0.0.0~start: teste-vocacional-faccat@0.0.0
8 verbose lifecycle teste-vocacional-faccat@0.0.0~start: unsafe-perm in lifecycle true
9 verbose lifecycle teste-vocacional-faccat@0.0.0~start: PATH: /usr/local/lib/node_modules/npm/bin/node-gyp-bin:/Users/daniel/Project/faccat/teste-vocacional-faccat/node_modules/.bin:/usr/local/bin:/opt/local/bin:/opt/local/sbin:/Library/Frameworks/Python.framework/Versions/2.7/bin:/Users/daniel/.gvm/vertx/current/bin:/Users/daniel/.gvm/springboot/current/bin:/Users/daniel/.gvm/lazybones/current/bin:/Users/daniel/.gvm/jbake/current/bin:/Users/daniel/.gvm/groovyserv/current/bin:/Users/daniel/.gvm/groovy/current/bin:/Users/daniel/.gvm/griffon/current/bin:/Users/daniel/.gvm/grails/current/bin:/Users/daniel/.gvm/gradle/current/bin:/Users/daniel/.gvm/glide/current/bin:/Users/daniel/.gvm/gaiden/current/bin:/Users/daniel/.gvm/crash/current/bin:/Users/daniel/bin:/usr/local/bin:/Users/daniel/.rvm/gems/ruby-2.3.0/bin:/Users/daniel/.rvm/gems/ruby-2.3.0@global/bin:/Users/daniel/.rvm/rubies/ruby-2.3.0/bin:/usr/local/bin:/usr/bin:/bin:/usr/sbin:/sbin:/usr/local/git/bin:/usr/local/mongodb/bin:/Users/daniel/.rvm/bin:/Users/daniel/MongoDB/mongodb-3.2.0/bin:/Users/daniel/elasticsearch-1.7.2/bin:~/Documents/Programs/Development/Maven/apache-maven-3.1.1/bin:~/Documents/Programs/Development/Java/adt-bundle-mac/sdk/tools:~/Documents/Programs/Development/Java/adt-bundle-mac/sdk/platform-tools:/Developer/SDKs/bbndk-2.1.0/host/macosx/x86/usr/bin:/Users/daniel/packer_0.8.6_darwin_amd64
10 verbose lifecycle teste-vocacional-faccat@0.0.0~start: CWD: /Users/daniel/Project/faccat/teste-vocacional-faccat
11 silly lifecycle teste-vocacional-faccat@0.0.0~start: Args: [ '-c', 'node ./bin/www' ]
12 silly lifecycle teste-vocacional-faccat@0.0.0~start: Returned: code: 1  signal: null
13 info lifecycle teste-vocacional-faccat@0.0.0~start: Failed to exec start script
14 verbose stack Error: teste-vocacional-faccat@0.0.0 start: `node ./bin/www`
14 verbose stack Exit status 1
14 verbose stack     at EventEmitter.<anonymous> (/usr/local/lib/node_modules/npm/lib/utils/lifecycle.js:245:16)
14 verbose stack     at emitTwo (events.js:106:13)
14 verbose stack     at EventEmitter.emit (events.js:191:7)
14 verbose stack     at ChildProcess.<anonymous> (/usr/local/lib/node_modules/npm/lib/utils/spawn.js:24:14)
14 verbose stack     at emitTwo (events.js:106:13)
14 verbose stack     at ChildProcess.emit (events.js:191:7)
14 verbose stack     at maybeClose (internal/child_process.js:852:16)
14 verbose stack     at Process.ChildProcess._handle.onexit (internal/child_process.js:215:5)
15 verbose pkgid teste-vocacional-faccat@0.0.0
16 verbose cwd /Users/daniel/Project/faccat/teste-vocacional-faccat
17 error Darwin 15.5.0
18 error argv "/usr/local/bin/node" "/usr/local/bin/npm" "start"
19 error node v6.2.1
20 error npm  v3.9.3
21 error code ELIFECYCLE
22 error teste-vocacional-faccat@0.0.0 start: `node ./bin/www`
22 error Exit status 1
23 error Failed at the teste-vocacional-faccat@0.0.0 start script 'node ./bin/www'.
23 error Make sure you have the latest version of node.js and npm installed.
23 error If you do, this is most likely a problem with the teste-vocacional-faccat package,
23 error not with npm itself.
23 error Tell the author that this fails on your system:
23 error     node ./bin/www
23 error You can get information on how to open an issue for this project with:
23 error     npm bugs teste-vocacional-faccat
23 error Or if that isn't available, you can get their info via:
23 error     npm owner ls teste-vocacional-faccat
23 error There is likely additional logging output above.
24 verbose exit [ 1, true ]
